GowinSynthesis start
Running parser ...
Analyzing Verilog file 'C:\Users\ramalhais\Downloads\VFB_PSRAM_RefDesign 720p 3buffers\VFB_PSRAM_RefDesign 720p 3buffers\src\dvi_tx\dvi_tx.v'
Analyzing Verilog file 'C:\Users\ramalhais\Downloads\VFB_PSRAM_RefDesign 720p 3buffers\VFB_PSRAM_RefDesign 720p 3buffers\src\gowin_clkdiv\gowin_clkdiv_35.v'
Analyzing Verilog file 'C:\Users\ramalhais\Downloads\VFB_PSRAM_RefDesign 720p 3buffers\VFB_PSRAM_RefDesign 720p 3buffers\src\gowin_rpll\TMDS_PLL.v'
Analyzing Verilog file 'C:\Users\ramalhais\Downloads\VFB_PSRAM_RefDesign 720p 3buffers\VFB_PSRAM_RefDesign 720p 3buffers\src\gowin_rpll\gowin_rpll.v'
Analyzing Verilog file 'C:\Users\ramalhais\Downloads\VFB_PSRAM_RefDesign 720p 3buffers\VFB_PSRAM_RefDesign 720p 3buffers\src\psram_memory_interface_hs\psram_memory_interface_hs.v'
Analyzing Verilog file 'C:\Users\ramalhais\Downloads\VFB_PSRAM_RefDesign 720p 3buffers\VFB_PSRAM_RefDesign 720p 3buffers\src\syn_gen.v'
Analyzing Verilog file 'C:\Users\ramalhais\Downloads\VFB_PSRAM_RefDesign 720p 3buffers\VFB_PSRAM_RefDesign 720p 3buffers\src\testpattern.v'
Analyzing Verilog file 'C:\Users\ramalhais\Downloads\VFB_PSRAM_RefDesign 720p 3buffers\VFB_PSRAM_RefDesign 720p 3buffers\src\vfb_psram\vfb_psram.v'
Analyzing Verilog file 'C:\Users\ramalhais\Downloads\VFB_PSRAM_RefDesign 720p 3buffers\VFB_PSRAM_RefDesign 720p 3buffers\src\video_top.v'
Compiling module 'video_top'("C:\Users\ramalhais\Downloads\VFB_PSRAM_RefDesign 720p 3buffers\VFB_PSRAM_RefDesign 720p 3buffers\src\video_top.v":42)
Compiling module 'Gowin_rPLL'("C:\Users\ramalhais\Downloads\VFB_PSRAM_RefDesign 720p 3buffers\VFB_PSRAM_RefDesign 720p 3buffers\src\gowin_rpll\gowin_rpll.v":9)
Compiling module 'TMDS_PLL'("C:\Users\ramalhais\Downloads\VFB_PSRAM_RefDesign 720p 3buffers\VFB_PSRAM_RefDesign 720p 3buffers\src\gowin_rpll\TMDS_PLL.v":9)
Compiling module 'testpattern'("C:\Users\ramalhais\Downloads\VFB_PSRAM_RefDesign 720p 3buffers\VFB_PSRAM_RefDesign 720p 3buffers\src\testpattern.v":17)
Compiling module 'VFB_PSRAM_Top'("C:\Users\ramalhais\Downloads\VFB_PSRAM_RefDesign 720p 3buffers\VFB_PSRAM_RefDesign 720p 3buffers\src\vfb_psram\vfb_psram.v":3757)
Compiling module '**'("C:\Users\ramalhais\Downloads\VFB_PSRAM_RefDesign 720p 3buffers\VFB_PSRAM_RefDesign 720p 3buffers\src\vfb_psram\vfb_psram.v":0)
Compiling module '**'("C:\Users\ramalhais\Downloads\VFB_PSRAM_RefDesign 720p 3buffers\VFB_PSRAM_RefDesign 720p 3buffers\src\vfb_psram\vfb_psram.v":0)
Compiling module '**'("C:\Users\ramalhais\Downloads\VFB_PSRAM_RefDesign 720p 3buffers\VFB_PSRAM_RefDesign 720p 3buffers\src\vfb_psram\vfb_psram.v":0)
Compiling module '**'("C:\Users\ramalhais\Downloads\VFB_PSRAM_RefDesign 720p 3buffers\VFB_PSRAM_RefDesign 720p 3buffers\src\vfb_psram\vfb_psram.v":0)
Compiling module '**'("C:\Users\ramalhais\Downloads\VFB_PSRAM_RefDesign 720p 3buffers\VFB_PSRAM_RefDesign 720p 3buffers\src\vfb_psram\vfb_psram.v":0)
Compiling module '**'("C:\Users\ramalhais\Downloads\VFB_PSRAM_RefDesign 720p 3buffers\VFB_PSRAM_RefDesign 720p 3buffers\src\vfb_psram\vfb_psram.v":0)
Compiling module '**'("C:\Users\ramalhais\Downloads\VFB_PSRAM_RefDesign 720p 3buffers\VFB_PSRAM_RefDesign 720p 3buffers\src\vfb_psram\vfb_psram.v":0)
Compiling module '**'("C:\Users\ramalhais\Downloads\VFB_PSRAM_RefDesign 720p 3buffers\VFB_PSRAM_RefDesign 720p 3buffers\src\vfb_psram\vfb_psram.v":0)
Compiling module '**'("C:\Users\ramalhais\Downloads\VFB_PSRAM_RefDesign 720p 3buffers\VFB_PSRAM_RefDesign 720p 3buffers\src\vfb_psram\vfb_psram.v":0)
Compiling module 'PSRAM_Memory_Interface_HS_Top'("C:\Users\ramalhais\Downloads\VFB_PSRAM_RefDesign 720p 3buffers\VFB_PSRAM_RefDesign 720p 3buffers\src\psram_memory_interface_hs\psram_memory_interface_hs.v":5263)
Compiling module '**'("C:\Users\ramalhais\Downloads\VFB_PSRAM_RefDesign 720p 3buffers\VFB_PSRAM_RefDesign 720p 3buffers\src\psram_memory_interface_hs\psram_memory_interface_hs.v":0)
Compiling module '**'("C:\Users\ramalhais\Downloads\VFB_PSRAM_RefDesign 720p 3buffers\VFB_PSRAM_RefDesign 720p 3buffers\src\psram_memory_interface_hs\psram_memory_interface_hs.v":0)
Compiling module '**'("C:\Users\ramalhais\Downloads\VFB_PSRAM_RefDesign 720p 3buffers\VFB_PSRAM_RefDesign 720p 3buffers\src\psram_memory_interface_hs\psram_memory_interface_hs.v":0)
Compiling module '**'("C:\Users\ramalhais\Downloads\VFB_PSRAM_RefDesign 720p 3buffers\VFB_PSRAM_RefDesign 720p 3buffers\src\psram_memory_interface_hs\psram_memory_interface_hs.v":0)
Compiling module '**'("C:\Users\ramalhais\Downloads\VFB_PSRAM_RefDesign 720p 3buffers\VFB_PSRAM_RefDesign 720p 3buffers\src\psram_memory_interface_hs\psram_memory_interface_hs.v":0)
Compiling module '**'("C:\Users\ramalhais\Downloads\VFB_PSRAM_RefDesign 720p 3buffers\VFB_PSRAM_RefDesign 720p 3buffers\src\psram_memory_interface_hs\psram_memory_interface_hs.v":0)
Compiling module 'syn_gen'("C:\Users\ramalhais\Downloads\VFB_PSRAM_RefDesign 720p 3buffers\VFB_PSRAM_RefDesign 720p 3buffers\src\syn_gen.v":13)
Compiling module 'DVI_TX_Top'("C:\Users\ramalhais\Downloads\VFB_PSRAM_RefDesign 720p 3buffers\VFB_PSRAM_RefDesign 720p 3buffers\src\dvi_tx\dvi_tx.v":1042)
Compiling module '**'("C:\Users\ramalhais\Downloads\VFB_PSRAM_RefDesign 720p 3buffers\VFB_PSRAM_RefDesign 720p 3buffers\src\dvi_tx\dvi_tx.v":0)
Compiling module '**'("C:\Users\ramalhais\Downloads\VFB_PSRAM_RefDesign 720p 3buffers\VFB_PSRAM_RefDesign 720p 3buffers\src\dvi_tx\dvi_tx.v":0)
Compiling module '**'("C:\Users\ramalhais\Downloads\VFB_PSRAM_RefDesign 720p 3buffers\VFB_PSRAM_RefDesign 720p 3buffers\src\dvi_tx\dvi_tx.v":0)
Compiling module '**'("C:\Users\ramalhais\Downloads\VFB_PSRAM_RefDesign 720p 3buffers\VFB_PSRAM_RefDesign 720p 3buffers\src\dvi_tx\dvi_tx.v":0)
NOTE  (EX0101) : Current top module is "video_top"
[5%] Running netlist conversion ...
Running device independent optimization ...
[10%] Optimizing Phase 0 completed
[15%] Optimizing Phase 1 completed
[25%] Optimizing Phase 2 completed
Running inference ...
[30%] Inferring Phase 0 completed
[40%] Inferring Phase 1 completed
[50%] Inferring Phase 2 completed
[55%] Inferring Phase 3 completed
Running technical mapping ...
[60%] Tech-Mapping Phase 0 completed
[65%] Tech-Mapping Phase 1 completed
[75%] Tech-Mapping Phase 2 completed
[80%] Tech-Mapping Phase 3 completed
[90%] Tech-Mapping Phase 4 completed
[95%] Generate netlist file "C:\Users\ramalhais\Downloads\VFB_PSRAM_RefDesign 720p 3buffers\VFB_PSRAM_RefDesign 720p 3buffers\impl\gwsynthesis\VFB_PSRAM_RefDesign.vg" completed
[100%] Generate report file "C:\Users\ramalhais\Downloads\VFB_PSRAM_RefDesign 720p 3buffers\VFB_PSRAM_RefDesign 720p 3buffers\impl\gwsynthesis\VFB_PSRAM_RefDesign_syn.rpt.html" completed
GowinSynthesis finish
